# JRE version: OpenJDK Runtime Environment Temurin-21.0.1+12 (21.0.1+12) (build 21.0.1+12-LTS)
# Java VM: OpenJDK 64-Bit Server VM Temurin-21.0.1+12 (21.0.1+12-LTS, mixed mode, sharing, tiered, compressed oops, compressed class ptrs, g1 gc, windows-amd64)
GC Precious Log:
 CardTable entry size: 512
 Card Set container configuration: InlinePtr #cards 4 size 8 Array Of Cards #cards 16 size 48 Howl #buckets 8 coarsen threshold 3686 Howl Bitmap #cards 512 size 80 coarsen threshold 460 Card regions per heap region 1 cards per card region 4096
 CPUs: 4 total, 4 available
 Memory: 3497M
 Large Page Support: Disabled
 NUMA Support: Disabled
 Compressed Oops: Enabled (Zero based)
 Heap Region Size: 2M
 Heap Min Capacity: 512M
 Heap Initial Capacity: 512M
 Heap Max Capacity: 4072M
 Pre-touch: Disabled
 Parallel Workers: 4
 Concurrent Workers: 1
 Concurrent Refinement Workers: 4
 Periodic GC: Disabled
 String Deduplication is enabled
Heap:
 garbage-first heap   total 524288K, used 110699K [0x0000000701800000, 0x0000000800000000)
  region size 2048K, 18 young (36864K), 2 survivors (4096K)
 Metaspace       used 77288K, committed 77888K, reserved 1179648K
  class space    used 10787K, committed 11072K, reserved 1048576K
GC Heap History (20 events):
Event: 18.798 GC heap before
{Heap before GC invocations=4 (full 0):
 garbage-first heap   total 524288K, used 48763K [0x0000000701800000, 0x0000000800000000)
  region size 2048K, 4 young (8192K), 3 survivors (6144K)
 Metaspace       used 36057K, committed 36288K, reserved 1114112K
  class space    used 4221K, committed 4352K, reserved 1048576K
}
Event: 18.809 GC heap after
{Heap after GC invocations=5 (full 0):
 garbage-first heap   total 524288K, used 49820K [0x0000000701800000, 0x0000000800000000)
  region size 2048K, 1 young (2048K), 1 survivors (2048K)
 Metaspace       used 36057K, committed 36288K, reserved 1114112K
  class space    used 4221K, committed 4352K, reserved 1048576K
}
Event: 18.866 GC heap before
{Heap before GC invocations=5 (full 0):
 garbage-first heap   total 524288K, used 49820K [0x0000000701800000, 0x0000000800000000)
  region size 2048K, 2 young (4096K), 1 survivors (2048K)
 Metaspace       used 36346K, committed 36608K, reserved 1114112K
  class space    used 4277K, committed 4416K, reserved 1048576K
}
Event: 18.870 GC heap after
{Heap after GC invocations=6 (full 0):
 garbage-first heap   total 524288K, used 49223K [0x0000000701800000, 0x0000000800000000)
  region size 2048K, 1 young (2048K), 1 survivors (2048K)
 Metaspace       used 36346K, committed 36608K, reserved 1114112K
  class space    used 4277K, committed 4416K, reserved 1048576K
}
Event: 27.880 GC heap before
{Heap before GC invocations=7 (full 0):
 garbage-first heap   total 524288K, used 127047K [0x0000000701800000, 0x0000000800000000)
  region size 2048K, 40 young (81920K), 1 survivors (2048K)
 Metaspace       used 47087K, committed 47424K, reserved 1114112K
  class space    used 5914K, committed 6080K, reserved 1048576K
}
Event: 27.983 GC heap after
{Heap after GC invocations=8 (full 0):
 garbage-first heap   total 524288K, used 61108K [0x0000000701800000, 0x0000000800000000)
  region size 2048K, 5 young (10240K), 5 survivors (10240K)
 Metaspace       used 47087K, committed 47424K, reserved 1114112K
  class space    used 5914K, committed 6080K, reserved 1048576K
}
Event: 33.388 GC heap before
{Heap before GC invocations=8 (full 0):
 garbage-first heap   total 524288K, used 132788K [0x0000000701800000, 0x0000000800000000)
  region size 2048K, 40 young (81920K), 5 survivors (10240K)
 Metaspace       used 53189K, committed 53504K, reserved 1114112K
  class space    used 6972K, committed 7104K, reserved 1048576K
}
Event: 33.437 GC heap after
{Heap after GC invocations=9 (full 0):
 garbage-first heap   total 524288K, used 64818K [0x0000000701800000, 0x0000000800000000)
  region size 2048K, 4 young (8192K), 4 survivors (8192K)
 Metaspace       used 53189K, committed 53504K, reserved 1114112K
  class space    used 6972K, committed 7104K, reserved 1048576K
}
Event: 39.828 GC heap before
{Heap before GC invocations=9 (full 0):
 garbage-first heap   total 524288K, used 118066K [0x0000000701800000, 0x0000000800000000)
  region size 2048K, 29 young (59392K), 4 survivors (8192K)
 Metaspace       used 58112K, committed 58624K, reserved 1114112K
  class space    used 7647K, committed 7872K, reserved 1048576K
}
Event: 40.280 GC heap after
{Heap after GC invocations=10 (full 1):
 garbage-first heap   total 524288K, used 68107K [0x0000000701800000, 0x0000000800000000)
  region size 2048K, 0 young (0K), 0 survivors (0K)
 Metaspace       used 58112K, committed 58624K, reserved 1114112K
  class space    used 7647K, committed 7872K, reserved 1048576K
}
Event: 47.955 GC heap before
{Heap before GC invocations=10 (full 1):
 garbage-first heap   total 524288K, used 147979K [0x0000000701800000, 0x0000000800000000)
  region size 2048K, 40 young (81920K), 0 survivors (0K)
 Metaspace       used 74492K, committed 75008K, reserved 1114112K
  class space    used 10580K, committed 10816K, reserved 1048576K
}
Event: 48.008 GC heap after
{Heap after GC invocations=11 (full 1):
 garbage-first heap   total 524288K, used 78347K [0x0000000701800000, 0x0000000800000000)
  region size 2048K, 5 young (10240K), 5 survivors (10240K)
 Metaspace       used 74492K, committed 75008K, reserved 1114112K
  class space    used 10580K, committed 10816K, reserved 1048576K
}
Event: 50.135 GC heap before
{Heap before GC invocations=11 (full 1):
 garbage-first heap   total 524288K, used 150027K [0x0000000701800000, 0x0000000800000000)
  region size 2048K, 40 young (81920K), 5 survivors (10240K)
 Metaspace       used 75784K, committed 76288K, reserved 1179648K
  class space    used 10716K, committed 10944K, reserved 1048576K
}
Event: 50.157 GC heap after
{Heap after GC invocations=12 (full 1):
 garbage-first heap   total 524288K, used 79220K [0x0000000701800000, 0x0000000800000000)
  region size 2048K, 2 young (4096K), 2 survivors (4096K)
 Metaspace       used 75784K, committed 76288K, reserved 1179648K
  class space    used 10716K, committed 10944K, reserved 1048576K
}
Event: 51.865 GC heap before
{Heap before GC invocations=12 (full 1):
 garbage-first heap   total 524288K, used 157044K [0x0000000701800000, 0x0000000800000000)
  region size 2048K, 40 young (81920K), 2 survivors (4096K)
 Metaspace       used 76373K, committed 76928K, reserved 1179648K
  class space    used 10763K, committed 11008K, reserved 1048576K
}
Event: 51.875 GC heap after
{Heap after GC invocations=13 (full 1):
 garbage-first heap   total 524288K, used 79360K [0x0000000701800000, 0x0000000800000000)
  region size 2048K, 2 young (4096K), 2 survivors (4096K)
 Metaspace       used 76373K, committed 76928K, reserved 1179648K
  class space    used 10763K, committed 11008K, reserved 1048576K
}
Event: 53.231 GC heap before
{Heap before GC invocations=13 (full 1):
 garbage-first heap   total 524288K, used 157184K [0x0000000701800000, 0x0000000800000000)
  region size 2048K, 40 young (81920K), 2 survivors (4096K)
 Metaspace       used 76786K, committed 77376K, reserved 1179648K
  class space    used 10781K, committed 11072K, reserved 1048576K
}
Event: 53.237 GC heap after
{Heap after GC invocations=14 (full 1):
 garbage-first heap   total 524288K, used 79229K [0x0000000701800000, 0x0000000800000000)
  region size 2048K, 2 young (4096K), 2 survivors (4096K)
 Metaspace       used 76786K, committed 77376K, reserved 1179648K
  class space    used 10781K, committed 11072K, reserved 1048576K
}
Event: 157.686 GC heap before
{Heap before GC invocations=14 (full 1):
 garbage-first heap   total 524288K, used 157053K [0x0000000701800000, 0x0000000800000000)
  region size 2048K, 40 young (81920K), 2 survivors (4096K)
 Metaspace       used 77104K, committed 77696K, reserved 1179648K
  class space    used 10786K, committed 11072K, reserved 1048576K
}
Event: 157.773 GC heap after
{Heap after GC invocations=15 (full 1):
 garbage-first heap   total 524288K, used 79979K [0x0000000701800000, 0x0000000800000000)
  region size 2048K, 2 young (4096K), 2 survivors (4096K)
 Metaspace       used 77104K, committed 77696K, reserved 1179648K
  class space    used 10786K, committed 11072K, reserved 1048576K
}

