# JRE version: OpenJDK Runtime Environment Temurin-21.0.1+12 (21.0.1+12) (build 21.0.1+12-LTS)
# Java VM: OpenJDK 64-Bit Server VM Temurin-21.0.1+12 (21.0.1+12-LTS, mixed mode, sharing, tiered, compressed oops, compressed class ptrs, g1 gc, windows-amd64)
GC Precious Log:
 CardTable entry size: 512
 Card Set container configuration: InlinePtr #cards 4 size 8 Array Of Cards #cards 16 size 48 Howl #buckets 8 coarsen threshold 3686 Howl Bitmap #cards 512 size 80 coarsen threshold 460 Card regions per heap region 1 cards per card region 4096
 CPUs: 4 total, 4 available
 Memory: 3497M
 Large Page Support: Disabled
 NUMA Support: Disabled
 Compressed Oops: Enabled (Zero based)
 Heap Region Size: 2M
 Heap Min Capacity: 512M
 Heap Initial Capacity: 512M
 Heap Max Capacity: 4072M
 Pre-touch: Disabled
 Parallel Workers: 4
 Concurrent Workers: 1
 Concurrent Refinement Workers: 4
 Periodic GC: Disabled
 String Deduplication is enabled
Heap:
 garbage-first heap   total 524288K, used 133048K [0x0000000701800000, 0x0000000800000000)
  region size 2048K, 29 young (59392K), 4 survivors (8192K)
 Metaspace       used 80686K, committed 81280K, reserved 1179648K
  class space    used 11524K, committed 11776K, reserved 1048576K
GC Heap History (20 events):
Event: 10.616 GC heap before
{Heap before GC invocations=5 (full 0):
 garbage-first heap   total 524288K, used 49126K [0x0000000701800000, 0x0000000800000000)
  region size 2048K, 2 young (4096K), 1 survivors (2048K)
 Metaspace       used 36300K, committed 36608K, reserved 1114112K
  class space    used 4297K, committed 4480K, reserved 1048576K
}
Event: 10.617 GC heap after
{Heap after GC invocations=6 (full 0):
 garbage-first heap   total 524288K, used 48519K [0x0000000701800000, 0x0000000800000000)
  region size 2048K, 1 young (2048K), 1 survivors (2048K)
 Metaspace       used 36300K, committed 36608K, reserved 1114112K
  class space    used 4297K, committed 4480K, reserved 1048576K
}
Event: 18.441 GC heap before
{Heap before GC invocations=7 (full 0):
 garbage-first heap   total 524288K, used 128391K [0x0000000701800000, 0x0000000800000000)
  region size 2048K, 40 young (81920K), 1 survivors (2048K)
 Metaspace       used 47049K, committed 47424K, reserved 1114112K
  class space    used 5908K, committed 6080K, reserved 1048576K
}
Event: 18.456 GC heap after
{Heap after GC invocations=8 (full 0):
 garbage-first heap   total 524288K, used 60057K [0x0000000701800000, 0x0000000800000000)
  region size 2048K, 5 young (10240K), 5 survivors (10240K)
 Metaspace       used 47049K, committed 47424K, reserved 1114112K
  class space    used 5908K, committed 6080K, reserved 1048576K
}
Event: 22.514 GC heap before
{Heap before GC invocations=8 (full 0):
 garbage-first heap   total 524288K, used 131737K [0x0000000701800000, 0x0000000800000000)
  region size 2048K, 40 young (81920K), 5 survivors (10240K)
 Metaspace       used 52747K, committed 53056K, reserved 1114112K
  class space    used 6907K, committed 7040K, reserved 1048576K
}
Event: 22.536 GC heap after
{Heap after GC invocations=9 (full 0):
 garbage-first heap   total 524288K, used 64541K [0x0000000701800000, 0x0000000800000000)
  region size 2048K, 5 young (10240K), 5 survivors (10240K)
 Metaspace       used 52747K, committed 53056K, reserved 1114112K
  class space    used 6907K, committed 7040K, reserved 1048576K
}
Event: 27.755 GC heap before
{Heap before GC invocations=9 (full 0):
 garbage-first heap   total 524288K, used 128029K [0x0000000701800000, 0x0000000800000000)
  region size 2048K, 34 young (69632K), 5 survivors (10240K)
 Metaspace       used 60826K, committed 61248K, reserved 1114112K
  class space    used 8060K, committed 8256K, reserved 1048576K
}
Event: 27.777 GC heap after
{Heap after GC invocations=10 (full 0):
 garbage-first heap   total 524288K, used 81566K [0x0000000701800000, 0x0000000800000000)
  region size 2048K, 5 young (10240K), 5 survivors (10240K)
 Metaspace       used 60826K, committed 61248K, reserved 1114112K
  class space    used 8060K, committed 8256K, reserved 1048576K
}
Event: 32.734 GC heap before
{Heap before GC invocations=11 (full 0):
 garbage-first heap   total 524288K, used 153246K [0x0000000701800000, 0x0000000800000000)
  region size 2048K, 40 young (81920K), 5 survivors (10240K)
 Metaspace       used 72244K, committed 72768K, reserved 1114112K
  class space    used 10337K, committed 10560K, reserved 1048576K
}
Event: 32.757 GC heap after
{Heap after GC invocations=12 (full 0):
 garbage-first heap   total 524288K, used 90094K [0x0000000701800000, 0x0000000800000000)
  region size 2048K, 5 young (10240K), 5 survivors (10240K)
 Metaspace       used 72244K, committed 72768K, reserved 1114112K
  class space    used 10337K, committed 10560K, reserved 1048576K
}
Event: 34.507 GC heap before
{Heap before GC invocations=12 (full 0):
 garbage-first heap   total 524288K, used 153582K [0x0000000701800000, 0x0000000800000000)
  region size 2048K, 37 young (75776K), 5 survivors (10240K)
 Metaspace       used 73570K, committed 74176K, reserved 1114112K
  class space    used 10482K, committed 10752K, reserved 1048576K
}
Event: 34.738 GC heap after
{Heap after GC invocations=13 (full 1):
 garbage-first heap   total 524288K, used 76724K [0x0000000701800000, 0x0000000800000000)
  region size 2048K, 0 young (0K), 0 survivors (0K)
 Metaspace       used 73570K, committed 74176K, reserved 1114112K
  class space    used 10482K, committed 10752K, reserved 1048576K
}
Event: 37.018 GC heap before
{Heap before GC invocations=13 (full 1):
 garbage-first heap   total 524288K, used 158644K [0x0000000701800000, 0x0000000800000000)
  region size 2048K, 40 young (81920K), 0 survivors (0K)
 Metaspace       used 74182K, committed 74752K, reserved 1114112K
  class space    used 10535K, committed 10816K, reserved 1048576K
}
Event: 37.025 GC heap after
{Heap after GC invocations=14 (full 1):
 garbage-first heap   total 524288K, used 78693K [0x0000000701800000, 0x0000000800000000)
  region size 2048K, 1 young (2048K), 1 survivors (2048K)
 Metaspace       used 74182K, committed 74752K, reserved 1114112K
  class space    used 10535K, committed 10816K, reserved 1048576K
}
Event: 44.071 GC heap before
{Heap before GC invocations=14 (full 1):
 garbage-first heap   total 524288K, used 158565K [0x0000000701800000, 0x0000000800000000)
  region size 2048K, 40 young (81920K), 1 survivors (2048K)
 Metaspace       used 74859K, committed 75392K, reserved 1114112K
  class space    used 10546K, committed 10816K, reserved 1048576K
}
Event: 44.075 GC heap after
{Heap after GC invocations=15 (full 1):
 garbage-first heap   total 524288K, used 77971K [0x0000000701800000, 0x0000000800000000)
  region size 2048K, 1 young (2048K), 1 survivors (2048K)
 Metaspace       used 74859K, committed 75392K, reserved 1114112K
  class space    used 10546K, committed 10816K, reserved 1048576K
}
Event: 55.308 GC heap before
{Heap before GC invocations=15 (full 1):
 garbage-first heap   total 524288K, used 157843K [0x0000000701800000, 0x0000000800000000)
  region size 2048K, 40 young (81920K), 1 survivors (2048K)
 Metaspace       used 77284K, committed 77888K, reserved 1179648K
  class space    used 10888K, committed 11136K, reserved 1048576K
}
Event: 55.320 GC heap after
{Heap after GC invocations=16 (full 1):
 garbage-first heap   total 524288K, used 80601K [0x0000000701800000, 0x0000000800000000)
  region size 2048K, 2 young (4096K), 2 survivors (4096K)
 Metaspace       used 77284K, committed 77888K, reserved 1179648K
  class space    used 10888K, committed 11136K, reserved 1048576K
}
Event: 66.308 GC heap before
{Heap before GC invocations=16 (full 1):
 garbage-first heap   total 524288K, used 158425K [0x0000000701800000, 0x0000000800000000)
  region size 2048K, 40 young (81920K), 2 survivors (4096K)
 Metaspace       used 79660K, committed 80256K, reserved 1179648K
  class space    used 11368K, committed 11648K, reserved 1048576K
}
Event: 66.342 GC heap after
{Heap after GC invocations=17 (full 1):
 garbage-first heap   total 524288K, used 83896K [0x0000000701800000, 0x0000000800000000)
  region size 2048K, 4 young (8192K), 4 survivors (8192K)
 Metaspace       used 79660K, committed 80256K, reserved 1179648K
  class space    used 11368K, committed 11648K, reserved 1048576K
}

