# JRE version: OpenJDK Runtime Environment Temurin-21.0.1+12 (21.0.1+12) (build 21.0.1+12-LTS)
# Java VM: OpenJDK 64-Bit Server VM Temurin-21.0.1+12 (21.0.1+12-LTS, mixed mode, sharing, tiered, compressed oops, compressed class ptrs, g1 gc, windows-amd64)
GC Precious Log:
 CardTable entry size: 512
 Card Set container configuration: InlinePtr #cards 4 size 8 Array Of Cards #cards 16 size 48 Howl #buckets 8 coarsen threshold 3686 Howl Bitmap #cards 512 size 80 coarsen threshold 460 Card regions per heap region 1 cards per card region 4096
 CPUs: 4 total, 4 available
 Memory: 3497M
 Large Page Support: Disabled
 NUMA Support: Disabled
 Compressed Oops: Enabled (Zero based)
 Heap Region Size: 2M
 Heap Min Capacity: 512M
 Heap Initial Capacity: 512M
 Heap Max Capacity: 4072M
 Pre-touch: Disabled
 Parallel Workers: 4
 Concurrent Workers: 1
 Concurrent Refinement Workers: 4
 Periodic GC: Disabled
 String Deduplication is enabled
Heap:
 garbage-first heap   total 524288K, used 118105K [0x0000000701800000, 0x0000000800000000)
  region size 2048K, 18 young (36864K), 3 survivors (6144K)
 Metaspace       used 83912K, committed 84736K, reserved 1179648K
  class space    used 11463K, committed 11840K, reserved 1048576K
GC Heap History (20 events):
Event: 113.541 GC heap before
{Heap before GC invocations=21 (full 1):
 garbage-first heap   total 524288K, used 162197K [0x0000000701800000, 0x0000000800000000)
  region size 2048K, 40 young (81920K), 3 survivors (6144K)
 Metaspace       used 82345K, committed 83008K, reserved 1179648K
  class space    used 11375K, committed 11712K, reserved 1048576K
}
Event: 113.548 GC heap after
{Heap after GC invocations=22 (full 1):
 garbage-first heap   total 524288K, used 87419K [0x0000000701800000, 0x0000000800000000)
  region size 2048K, 3 young (6144K), 3 survivors (6144K)
 Metaspace       used 82345K, committed 83008K, reserved 1179648K
  class space    used 11375K, committed 11712K, reserved 1048576K
}
Event: 129.970 GC heap before
{Heap before GC invocations=22 (full 1):
 garbage-first heap   total 524288K, used 163195K [0x0000000701800000, 0x0000000800000000)
  region size 2048K, 40 young (81920K), 3 survivors (6144K)
 Metaspace       used 82516K, committed 83264K, reserved 1179648K
  class space    used 11375K, committed 11712K, reserved 1048576K
}
Event: 129.977 GC heap after
{Heap after GC invocations=23 (full 1):
 garbage-first heap   total 524288K, used 86814K [0x0000000701800000, 0x0000000800000000)
  region size 2048K, 2 young (4096K), 2 survivors (4096K)
 Metaspace       used 82516K, committed 83264K, reserved 1179648K
  class space    used 11375K, committed 11712K, reserved 1048576K
}
Event: 149.314 GC heap before
{Heap before GC invocations=23 (full 1):
 garbage-first heap   total 524288K, used 164638K [0x0000000701800000, 0x0000000800000000)
  region size 2048K, 40 young (81920K), 2 survivors (4096K)
 Metaspace       used 82692K, committed 83392K, reserved 1179648K
  class space    used 11379K, committed 11712K, reserved 1048576K
}
Event: 149.319 GC heap after
{Heap after GC invocations=24 (full 1):
 garbage-first heap   total 524288K, used 86825K [0x0000000701800000, 0x0000000800000000)
  region size 2048K, 2 young (4096K), 2 survivors (4096K)
 Metaspace       used 82692K, committed 83392K, reserved 1179648K
  class space    used 11379K, committed 11712K, reserved 1048576K
}
Event: 155.681 GC heap before
{Heap before GC invocations=24 (full 1):
 garbage-first heap   total 524288K, used 164649K [0x0000000701800000, 0x0000000800000000)
  region size 2048K, 40 young (81920K), 2 survivors (4096K)
 Metaspace       used 83059K, committed 83712K, reserved 1179648K
  class space    used 11389K, committed 11712K, reserved 1048576K
}
Event: 155.689 GC heap after
{Heap after GC invocations=25 (full 1):
 garbage-first heap   total 524288K, used 88238K [0x0000000701800000, 0x0000000800000000)
  region size 2048K, 2 young (4096K), 2 survivors (4096K)
 Metaspace       used 83059K, committed 83712K, reserved 1179648K
  class space    used 11389K, committed 11712K, reserved 1048576K
}
Event: 258.781 GC heap before
{Heap before GC invocations=25 (full 1):
 garbage-first heap   total 524288K, used 166062K [0x0000000701800000, 0x0000000800000000)
  region size 2048K, 40 young (81920K), 2 survivors (4096K)
 Metaspace       used 83275K, committed 84032K, reserved 1179648K
  class space    used 11418K, committed 11776K, reserved 1048576K
}
Event: 258.989 GC heap after
{Heap after GC invocations=26 (full 1):
 garbage-first heap   total 524288K, used 88622K [0x0000000701800000, 0x0000000800000000)
  region size 2048K, 2 young (4096K), 2 survivors (4096K)
 Metaspace       used 83275K, committed 84032K, reserved 1179648K
  class space    used 11418K, committed 11776K, reserved 1048576K
}
Event: 293.813 GC heap before
{Heap before GC invocations=26 (full 1):
 garbage-first heap   total 524288K, used 166446K [0x0000000701800000, 0x0000000800000000)
  region size 2048K, 40 young (81920K), 2 survivors (4096K)
 Metaspace       used 83461K, committed 84224K, reserved 1179648K
  class space    used 11433K, committed 11776K, reserved 1048576K
}
Event: 293.904 GC heap after
{Heap after GC invocations=27 (full 1):
 garbage-first heap   total 524288K, used 88464K [0x0000000701800000, 0x0000000800000000)
  region size 2048K, 2 young (4096K), 2 survivors (4096K)
 Metaspace       used 83461K, committed 84224K, reserved 1179648K
  class space    used 11433K, committed 11776K, reserved 1048576K
}
Event: 306.934 GC heap before
{Heap before GC invocations=27 (full 1):
 garbage-first heap   total 524288K, used 166288K [0x0000000701800000, 0x0000000800000000)
  region size 2048K, 40 young (81920K), 2 survivors (4096K)
 Metaspace       used 83584K, committed 84288K, reserved 1179648K
  class space    used 11451K, committed 11776K, reserved 1048576K
}
Event: 306.950 GC heap after
{Heap after GC invocations=28 (full 1):
 garbage-first heap   total 524288K, used 88622K [0x0000000701800000, 0x0000000800000000)
  region size 2048K, 2 young (4096K), 2 survivors (4096K)
 Metaspace       used 83584K, committed 84288K, reserved 1179648K
  class space    used 11451K, committed 11776K, reserved 1048576K
}
Event: 311.109 GC heap before
{Heap before GC invocations=28 (full 1):
 garbage-first heap   total 524288K, used 166446K [0x0000000701800000, 0x0000000800000000)
  region size 2048K, 40 young (81920K), 2 survivors (4096K)
 Metaspace       used 83617K, committed 84416K, reserved 1179648K
  class space    used 11453K, committed 11840K, reserved 1048576K
}
Event: 311.118 GC heap after
{Heap after GC invocations=29 (full 1):
 garbage-first heap   total 524288K, used 88622K [0x0000000701800000, 0x0000000800000000)
  region size 2048K, 2 young (4096K), 2 survivors (4096K)
 Metaspace       used 83617K, committed 84416K, reserved 1179648K
  class space    used 11453K, committed 11840K, reserved 1048576K
}
Event: 316.291 GC heap before
{Heap before GC invocations=29 (full 1):
 garbage-first heap   total 524288K, used 160302K [0x0000000701800000, 0x0000000800000000)
  region size 2048K, 38 young (77824K), 2 survivors (4096K)
 Metaspace       used 83799K, committed 84608K, reserved 1179648K
  class space    used 11453K, committed 11840K, reserved 1048576K
}
Event: 316.328 GC heap after
{Heap after GC invocations=30 (full 1):
 garbage-first heap   total 524288K, used 89335K [0x0000000701800000, 0x0000000800000000)
  region size 2048K, 3 young (6144K), 3 survivors (6144K)
 Metaspace       used 83799K, committed 84608K, reserved 1179648K
  class space    used 11453K, committed 11840K, reserved 1048576K
}
Event: 329.673 GC heap before
{Heap before GC invocations=31 (full 1):
 garbage-first heap   total 524288K, used 165111K [0x0000000701800000, 0x0000000800000000)
  region size 2048K, 40 young (81920K), 3 survivors (6144K)
 Metaspace       used 83908K, committed 84736K, reserved 1179648K
  class space    used 11463K, committed 11840K, reserved 1048576K
}
Event: 329.689 GC heap after
{Heap after GC invocations=32 (full 1):
 garbage-first heap   total 524288K, used 89433K [0x0000000701800000, 0x0000000800000000)
  region size 2048K, 3 young (6144K), 3 survivors (6144K)
 Metaspace       used 83908K, committed 84736K, reserved 1179648K
  class space    used 11463K, committed 11840K, reserved 1048576K
}

